   15.715003    3.535405
   11.857641    4.118841
   15.264875    6.984309
    9.827085    2.672687
   20.783058    6.969787
   16.053479   10.367877
   19.615212    4.167941
   17.128621    3.218885
   16.433453    7.866880
   16.659991    4.162631
   17.426457    4.068392
   28.431951    5.091950
   10.922548    4.400840
   23.766171    7.367536
   16.150386   10.255933
   11.879053    2.015829
   12.208935    3.345835
   15.874341    6.480668
   13.160556    4.141211
   14.215087    5.066547
   15.883893    4.869057
   26.399011    4.492248
   30.083047    9.540991
   21.435152    6.154060
   16.413974    5.035346
   10.913769    3.029522
    9.826394    6.071792
   21.524722    6.658816
   12.112454    1.984879
   44.611225    6.634914
    8.487819    3.313178
    9.713122    2.749688
   12.976585    2.333220
   22.377756   16.409607
   18.628709    5.282115
   17.593867    3.339965
   21.210879   10.344607
   21.463106    6.002215
   19.763261    8.159786
   18.695105    8.587256
   13.626284    3.613105
   28.647551   14.880148
   14.014659    5.070222
   21.734736    7.671145
   19.611204   11.833117
   18.015779    3.371098
   16.481782    2.818171
   34.448545    5.921864
   29.847737    6.634315
   16.082196    2.463018
   15.229064    5.500492
   23.342734    7.519704
   10.095264    4.769457
   12.849953    4.623940
   32.786847   15.452743
   20.191812    6.704508
   31.818682    6.516663
   19.939248    7.852996
   22.451008    6.309701
   11.987815    3.287552
   16.051926    2.750487
   21.100946    3.853656
    9.974122    5.295860
   19.042439   13.588884
   20.791431    8.147689
   13.428858    3.119711
   15.311304    3.632950
   19.375636    4.121266
   20.902146    5.024281
   14.858582    5.781846
   15.234106    4.986324
   23.646468    5.115197
   13.121984    5.208167
   23.961880    4.001193
   12.495521    2.364085
    8.013098    2.023825
   18.662725    7.665895
   16.088242    4.085563
   22.969431    9.436702
   26.030681    4.428210
   21.111274   16.369688
   17.434426    8.473889
   28.042986    4.460784
   14.680748    4.056504
   25.504011    7.773185
   17.281302    3.779515
   40.370554   19.003208
   16.656652    3.551030
   13.511347    3.853521
   10.978628    3.785933
   18.845451   11.366917
   22.177563    4.861108
   16.065828    3.771971
   21.557934    5.280179
   23.162367    8.574706
   10.471299    3.136940
    9.742742    6.009065
   11.232714    5.492444
   14.795518    2.359345
   17.491181    2.330011
   21.738125    8.953298
   14.903426    5.838858
   20.166822    6.989589
    9.812917    1.504206
   13.008824    2.951944
   25.594482    5.436296
   14.043355    4.642137
   23.478066   11.935430
   13.638085    5.843314
    9.869198    4.020846
   15.663396    3.499813
   23.959465    8.333704
   21.659031    7.814907
   20.729905    9.877321
   20.541703    5.263353
   22.649731    4.021889
   15.079557   13.768090
   22.759284    6.985221
   11.365452    4.616973
    8.332779    2.655333
   14.020887    2.628312
   30.181186   10.044971
   20.912810    5.115828
    7.478483    2.161235
    9.955909    3.808209
   13.702748    2.150792
   18.005405    5.802664
   16.189031    5.990990
   21.923639   15.090916
   14.163926    2.367307
   12.325694    3.854130
   20.355396    4.008388
   16.630230    7.641809
   29.310727   10.193432
   27.029917    7.585307
   28.452332    6.889234
   10.083728    5.414341
   14.023488    4.265014
   23.669900   11.712100
   16.811769    7.056122
   22.877568    7.864542
   12.000029    4.710589
   17.128476    4.450398
   15.757422    8.177627
   14.229363    4.329927
   14.525636    4.373887
   26.153789    4.862374
   20.354689    8.470902
   13.125986    3.606636
   19.017332    5.104765
   19.318148    4.485474
   12.718974    2.942957
   16.965951    5.109325
   11.845727    5.799947
   15.130163    3.310041
   21.932263    4.986876
   23.265376    8.667062
   18.993612    4.363274
   24.462281    4.191560
   13.323550    3.641603
   13.799096    1.678061
   16.920255   10.304876
   17.787226    4.894013
    8.373961    2.823850
   13.664301    4.370731
   11.939877    2.952561
   11.368088    2.428735
   27.198662    7.868843
   16.504787    8.648081
   10.761700    3.677912
   15.521275   15.632907
   23.085894   16.585625
   19.786990    7.782904
   26.650654   10.073246
   17.380836    5.665041
   15.236164    2.194042
   33.148407   11.103822
   23.694786    6.162025
   18.575870    5.022577
   25.247072    3.472860
    8.637708    2.706754
   10.753494    1.458063
   22.651995    3.067897
   23.285263    5.186775
   18.480229    5.216383
   14.425984    4.095884
   11.589042    3.912169
   12.019269    3.455336
   25.581352    4.002021
   14.013812    3.827210
   16.638486    3.917143
   11.160807    5.728888
   14.190190    5.619256
   15.302777    4.136304
   24.007206    5.549762
   15.716261    7.060855
   14.265612    5.320420
   22.821502    4.439797
   15.254111    2.707583
   19.101843    4.385249
   20.287538    4.246067
   15.944991    3.446768
   18.533445    6.737687
   12.665214    4.287607
   14.743285    4.770496
   32.815581    4.018320
   11.877034    6.744794
   13.906728    2.507707
   14.674500    3.321947
   23.466766   11.229227
    9.895811    4.171977
   22.814272    5.116490
   20.485499    8.144852
   12.208899    3.875660
   13.136152    4.996687
   25.198364   11.251705
   18.061418    3.998898
   15.860236    5.944626
   15.076640    4.448793
   17.012933    3.673523
   19.073457    5.833973
    8.941089    1.987368
   22.533970    3.820092
   17.109848    7.815749
    9.957589    3.705612
   23.151641    6.232780
   13.649085    2.539413
   13.880796    5.113487
   16.592721    5.764661
   27.470012    7.631309
   13.412763    3.408897
   16.654672    6.596511
   13.579435    5.024972
   14.388977    2.893993
   18.520568    6.412001
   22.199100    5.809026
   24.078469    7.493326
   10.058519    2.202520
   16.667141    4.558430
   20.096819    3.704545
   26.325028    9.998680
   14.596984    2.693918
   27.622176    4.819080
   24.309102    9.694315
   13.303062    4.927352
   13.305438    4.751225
   29.292269   15.740434
   18.844166    5.673865
    8.208885    2.981869
   12.870797    4.102402
    9.706153    4.311984
   19.405666    5.381902
   23.628170    7.969972
   15.185484    3.797963
   13.379637    3.384359
   17.634427    4.137581
   14.022355    7.540769
   17.375217    6.054802
   16.187428    6.189393
   19.230948    4.643621
   20.631998    5.902907
   16.087925    6.834313
   22.024182    4.534160
   19.272544    5.519994
   32.291156   11.029612
   20.102248    7.106140
    9.744757    2.802592
   36.499886    6.092720
   12.155824    3.311395
   18.528632    6.061838
   15.033346    5.134251
   12.819667    4.917116
   13.871344    6.236605
   35.717904   12.604673
   12.691443    4.797397
   17.526036    6.866296
   24.574872    6.341707
   17.355713    4.694394
    9.791553    3.674601
   15.881946    8.959027
   16.994017    9.746877
   18.409962    3.461683
   14.897093    3.423436
   17.988490    6.827659
   12.293259    6.246581
   15.122536    4.436281
   22.468656    3.297078
   17.080789    3.867283
   29.220625    8.177246
   14.352361    4.067504
   22.144588    4.529085
   10.244312    3.302740
   21.613219    4.433786
   21.911822    7.118253
   13.543940    4.669729
   11.879894    2.832108
   29.111614    5.669926
    8.055446    2.604839
   13.297769    2.614757
   18.640108    3.395677
   12.800912    3.822344
   15.984742    4.606994
   21.738425    7.475982
   15.022837    4.622602
   13.038826   12.574811
   26.392487    8.281864
   10.769407    5.759633
   23.517184    8.989198
   18.071584    8.957684
   23.524559    8.508578
   17.091449    7.251144
   12.384539    3.620966
   13.493844    2.599457
    7.544011    1.055879
   14.559216    4.365501
   32.188434    3.903721
   11.155128    4.576256
    5.029952    1.496966
   22.781560    5.499606
   11.575862    3.283198
   23.401164    4.332800
   15.695795    4.014861
   20.160747    8.917689
   19.344140    9.459051
   23.562772    8.925768
   17.495531    3.055298
   19.695145    7.839957
   18.297233    8.965512
   25.442991    4.957870
    8.944656    2.174714
   13.967257    4.057960
   12.830503    4.514718
   15.870776    3.308986
   18.005654    6.524016
   11.368641    4.906890
    8.205925    4.086006
   21.415845    3.480320
   20.390175    5.999942
   11.863320    6.288804
   11.185334    4.734611
   31.198759   14.881028
   15.027238    5.448261
   18.652085    2.916368
   12.878148    3.718380
   23.461218   10.756792
   10.156941    2.930614
   18.028140    4.785401
   13.627979    3.483387
    9.765069    3.928226
   10.174590    3.893669
   11.986203    3.241869
   20.320100    4.567526
   24.108293    8.796844
   10.872256    3.353556
    9.938769    4.220739
   30.780241    6.177535
   22.431140    3.028285
   13.321115    4.006590
   18.814503    8.621352
    9.818254    1.888817
   14.602090    8.901016
    8.489162    2.143129
   17.818521    8.116998
   19.433743    5.759143
   17.063015    4.282346
   24.740064    6.558523
    9.019907    3.387815
   15.997057    6.772353
   20.471072    7.303933
   17.736473    4.187463
   17.437138    3.467729
   35.325251    5.227831
    8.478089    2.714153
   19.090358    2.785784
   14.162372    4.707863
   22.290865    5.121909
    6.911750    3.105126
   13.368844    6.254337
   18.591916    4.116362
   15.035480    4.430229
   36.956205   12.622861
   12.258462    6.797267
   18.913072    4.884168
   15.694771    4.031607
   21.961806    3.385693
   21.035911    5.769792
   18.605906    4.914302
   21.799316    6.740475
   20.505435    7.084249
   26.888997    7.168508
   29.592375    4.549837
   17.170426    3.358615
   20.094422    3.979045
   26.877548    5.916542
   39.392058    9.398198
    9.812699    2.222636
   27.245368   10.570738
   22.570220    6.784806
   13.977061    3.065785
   16.189588    5.325507
