  302.115202    1.145113
  256.500431    1.289256
  297.408433    1.500925
  226.079591    1.111460
  347.386435    1.427718
  305.566510    1.691661
  338.019879    1.177664
  316.065552    1.076896
  309.355300    1.544681
  311.572694    1.215185
  318.857533    1.192930
  398.140499    1.193532
  243.196576    1.342407
  369.109236    1.424813
  306.541242    1.684689
  256.792625    0.922539
  261.228922    1.175878
  303.749075    1.453406
  273.384968    1.267661
  285.868739    1.353024
  303.846496    1.306693
  386.125227    1.146639
  407.282820    1.502234
  352.390014    1.356688
  309.163215    1.316234
  243.066348    1.151184
  226.068206    1.532124
  353.065375    1.396123
  259.943960    0.910059
  471.098629    1.223908
  202.350888    1.255836
  224.190411    1.128747
  271.104963    0.976837
  359.359974    1.849391
  329.662542    1.311171
  320.405996    1.089560
  350.686532    1.625382
  352.601095    1.343576
  339.237711    1.520288
  330.238764    1.559453
  279.017323    1.189598
  399.364007    1.741493
  283.568912    1.356715
  354.637934    1.466403
  337.986784    1.712629
  324.244048    1.088776
  309.830907    1.017743
  429.229113    1.226060
  406.010989    1.317811
  305.855971    0.954429
  297.028030    1.379043
  366.197623    1.439496
  230.440189    1.402054
  269.516730    1.329766
  421.221952    1.729299
  342.712131    1.414573
  416.367409    1.293690
  340.673529    1.498570
  359.889269    1.358667
  258.268748    1.171142
  305.550837    1.011459
  349.844933    1.120405
  228.484952    1.458545
  333.220174    1.790432
  347.451673    1.507671
  276.653600    1.117742
  297.900290    1.165150
  336.029565    1.174763
  348.311825    1.258598
  293.039280    1.410373
  297.081643    1.328657
  368.291435    1.238952
  272.909583    1.385862
  370.437470    1.109941
  264.986741    0.992405
  193.029394    1.016606
  329.958006    1.501675
  305.916846    1.213768
  363.586595    1.559672
  383.849589    1.142564
  349.924185    1.861762
  318.931581    1.568961
  395.909513    1.128913
  291.089193    1.231512
  380.539114    1.435790
  317.502831    1.157130
  454.921349    1.786679
  311.540223    1.133770
  277.645417    1.224601
  244.025998    1.264058
  331.536030    1.701335
  357.904556    1.227827
  305.691049    1.173155
  353.315079    1.276842
  364.941323    1.508612
  236.363320    1.178721
  224.683546    1.528800
  247.731624    1.449448
  292.350415    0.951878
  319.457958    0.906337
