
state 0:

	$accept : _ declarationlist $end
	declaration : _	(3)

	IDENT	shift 4
	$end	reduce 3
	';'	reduce 3
	.	error

	property	goto 1
	declaration	goto 2
	declarationlist	goto 3

state 1:

	declaration : property _ ':' value

	':'	shift 5
	.	error

state 2:

	declarationlist : declaration _	(1)

	.	reduce 1

state 3:

	$accept : declarationlist _ $end
	declarationlist : declarationlist _ ';' declaration

	$end	accept
	';'	shift 6
	.	error

state 4:

	property : IDENT _	(5)

	.	reduce 5

state 5:

	declaration : property ':' _ value

	':'	shift 9
	IDENT	shift 10
	ATKEYWORD	shift 11
	STRING_	shift 12
	HASH	shift 13
	NUMBER	shift 14
	PERCENTAGE	shift 15
	DIMENSION	shift 16
	URI	shift 17
	UNICODE_RANGE	shift 18
	INCLUDES	shift 19
	DASHMATCH	shift 20
	DELIM	shift 21
	.	error

	any	goto 7
	value	goto 8

state 6:

	declarationlist : declarationlist ';' _ declaration
	declaration : _	(3)

	IDENT	shift 4
	$end	reduce 3
	';'	reduce 3
	.	error

	property	goto 1
	declaration	goto 22

state 7:

	value : any _	(6)

	.	reduce 6

state 8:

	declaration : property ':' value _	(4)

	.	reduce 4

state 9:

	any : ':' _	(19)

	.	reduce 19

state 10:

	any : IDENT _	(8)

	.	reduce 8

state 11:

	value : ATKEYWORD _	(7)

	.	reduce 7

state 12:

	any : STRING_ _	(12)

	.	reduce 12

state 13:

	any : HASH _	(15)

	.	reduce 15

state 14:

	any : NUMBER _	(9)

	.	reduce 9

state 15:

	any : PERCENTAGE _	(10)

	.	reduce 10

state 16:

	any : DIMENSION _	(11)

	.	reduce 11

state 17:

	any : URI _	(14)

	.	reduce 14

state 18:

	any : UNICODE_RANGE _	(16)

	.	reduce 16

state 19:

	any : INCLUDES _	(17)

	.	reduce 17

state 20:

	any : DASHMATCH _	(18)

	.	reduce 18

state 21:

	any : DELIM _	(13)

	.	reduce 13

state 22:

	declarationlist : declarationlist ';' declaration _	(2)

	.	reduce 2

