

0* :    28
                   [\t\n\f\c ] :    23
                           '"' :     6
                           '#' :    10
                          '\'' :     7
                           '(' :    19
                           ')' :    20
                           ',' :    16
                           '-' :     2
                           '.' :    12
                           '/' :     9
                         [0-9] :    11
                           ':' :    14
                           ';' :    15
                           '<' :    13
                           '=' :    25
                           '@' :     5
                           '[' :    21
                          '\\' :     4
                           ']' :    22
            [_a-tv-z\240-\377] :     3
                           'u' :     8
                           '{' :    17
                           '}' :    18
                           '~' :    24

1* :    28
                   [\t\n\f\c ] :    23
                           '"' :     6
                           '#' :    10
                          '\'' :     7
                           '(' :    19
                           ')' :    20
                           ',' :    16
                           '-' :     2
                           '.' :    12
                           '/' :     9
                         [0-9] :    11
                           ':' :    14
                           ';' :    15
                           '<' :    13
                           '=' :    25
                           '@' :     5
                           '[' :    21
                          '\\' :     4
                           ']' :    22
            [_a-tv-z\240-\377] :     3
                           'u' :     8
                           '{' :    17
                           '}' :    18
                           '~' :    24

2  :
                           '-' :    26
                          '\\' :     4
               [_a-z\240-\377] :     3

3* :     1
                           '(' :    28
        [^\000-,./:-\^`{-\237] :     3
                          '\\' :    27

4  :
           [^\000\n\f\c0-9a-f] :     3
                      [0-9a-f] :    29

5  :
                           '-' :    30
                          '\\' :    32
               [_a-z\240-\377] :    31

6* :     4
              [^\000\n\f\c"\\] :     6
                           '"' :    34
                          '\\' :    33

7* :     4
              [^\000\n\f\c'\\] :     7
                          '\'' :    34
                          '\\' :    35

8* :     1
                           '(' :    28
                           '+' :    37
       [^\000-,./:-\^`r{-\237] :     3
                          '\\' :    27
                           'r' :    36

9  :
                           '*' :    38

10  :
        [^\000-,./:-\^`{-\237] :    39
                          '\\' :    40

11* :     8
                           '%' :    41
                           '-' :    42
                           '.' :    12
                         [0-9] :    11
                          '\\' :    44
               [_a-z\240-\377] :    43

12  :
                         [0-9] :    45

13  :
                           '!' :    46

14* :    15

15* :    16

16* :    17

17* :    18

18* :    19

19* :    20

20* :    21

21* :    22

22* :    23

23* :    24
                   [\t\n\f\c ] :    23

24  :
                           '=' :    47

25* :    28

26  :
                           '>' :    48

27  :
           [^\000\n\f\c0-9a-f] :     3
                      [0-9a-f] :    49

28* :    26

29  :
                           '{' :    50

30  :
                          '\\' :    32
               [_a-z\240-\377] :    31

31* :     2
        [^\000-,./:-\^`{-\237] :    31
                          '\\' :    51

32  :
           [^\000\n\f\c0-9a-f] :    31
                      [0-9a-f] :    52

33* :     4
               [^\000\c0-9a-f] :     6
                          '\c' :    53
                      [0-9a-f] :    54

34* :     3

35* :     4
               [^\000\c0-9a-f] :     7
                          '\c' :    55
                      [0-9a-f] :    56

36* :     1
                           '(' :    28
       [^\000-,./:-\^`l{-\237] :     3
                          '\\' :    27
                           'l' :    57

37  :
                     [0-9?a-f] :    58

38* :     6
                      [^\000*] :    38
                           '*' :    59

39* :     7
        [^\000-,./:-\^`{-\237] :    39
                          '\\' :    40

40  :
           [^\000\n\f\c0-9a-f] :    39
                      [0-9a-f] :    60

41* :     9

42  :
                          '\\' :    44
               [_a-z\240-\377] :    43

43* :    10
        [^\000-,./:-\^`{-\237] :    43
                          '\\' :    61

44  :
           [^\000\n\f\c0-9a-f] :    43
                      [0-9a-f] :    62

45* :     8
                           '%' :    41
                           '-' :    42
                         [0-9] :    45
                          '\\' :    44
               [_a-z\240-\377] :    43

46  :
                           '-' :    63

47* :    27

48* :    14

49  :
                           '{' :    64

50  :
                           '1' :    65

51  :
           [^\000\n\f\c0-9a-f] :    31
                      [0-9a-f] :    66

52  :
                           '{' :    67

53* :     4
                [^\000\f\c"\\] :     6
                           '"' :    34
                          '\\' :    33

54  :
                           '{' :    68

55* :     4
                [^\000\f\c'\\] :     7
                          '\'' :    34
                          '\\' :    35

56  :
                           '{' :    69

57* :     1
                           '(' :    70
        [^\000-,./:-\^`{-\237] :     3
                          '\\' :    27

58  :
                           '{' :    71

59* :     6
                     [^\000*/] :    72
                           '*' :    59
                           '/' :    73

60  :
                           '{' :    74

61  :
           [^\000\n\f\c0-9a-f] :    43
                      [0-9a-f] :    75

62  :
                           '{' :    76

63  :
                           '-' :    77

64  :
                           '1' :    78

65  :
                           ',' :    79

66  :
                           '{' :    80

67  :
                           '1' :    81

68  :
                           '1' :    82

69  :
                           '1' :    83

70* :     5    26
                   [\t\n\f\c ] :    84
      [^\000- "'-)\\\177-\237] :    85
                           '"' :    87
                          '\'' :    88
                           ')' :    89
                          '\\' :    86

71  :
                           '1' :    90

72* :     6
                      [^\000*] :    72
                           '*' :    91

73* :    25

74  :
                           '1' :    92

75  :
                           '{' :    93

76  :
                           '1' :    94

77* :    13

78  :
                           ',' :    95

79  :
                           '6' :    96

80  :
                           '1' :    97

81  :
                           ',' :    98

82  :
                           ',' :    99

83  :
                           ',' :   100

84* :     5
                   [\t\n\f\c ] :    84
      [^\000- "'-)\\\177-\237] :    85
                           '"' :    87
                          '\'' :    88
                           ')' :    89
                          '\\' :    86

85* :     5
                   [\t\n\f\c ] :   101
      [^\000- "'-)\\\177-\237] :    85
                           ')' :    89
                          '\\' :    86

86* :     5
         [^\000\n\f\c0-9\\a-f] :    85
                      [\n\f\c] :   104
                      [0-9a-f] :   103
                          '\\' :   102

87* :     5
              [^\000\n\f\c"\\] :    87
                           '"' :   106
                          '\\' :   105

88* :     5
              [^\000\n\f\c'\\] :    88
                          '\'' :   106
                          '\\' :   107

89* :    11

90  :
                           ',' :   108

91* :     6
                     [^\000*/] :    72
                           '*' :    91
                           '/' :    73

92  :
                           ',' :   109

93  :
                           '1' :   110

94  :
                           ',' :   111

95  :
                           '6' :   112

96  :
                           '}' :   113

97  :
                           ',' :   114

98  :
                           '6' :   115

99  :
                           '6' :   116

100  :
                           '6' :   117

101* :     5
                   [\t\n\f\c ] :   101
                           ')' :    89

102* :     5
[\001-\b\013\016-\037"'(\177-\237] :   119
                         [\t ] :   120
                      [\n\f\c] :   101
[^\000- "'-)0-9\\a-f\177-\237] :    85
                           ')' :   121
                      [0-9a-f] :   118
                          '\\' :    86

103* :     5
                   [\t\n\f\c ] :   104
     [^\000- "'-)\\{\177-\237] :   119
                          '\\' :   122
                           '{' :   123

104* :     5
                   [\t\n\f\c ] :   104

105* :     5
               [^\000\c0-9a-f] :    87
                          '\c' :   124
                      [0-9a-f] :   125

106* :     5
                   [\t\n\f\c ] :   106
                           ')' :    89

107* :     5
               [^\000\c0-9a-f] :    88
                          '\c' :   126
                      [0-9a-f] :   127

108  :
                           '6' :   128

109  :
                           '6' :   129

110  :
                           ',' :   130

111  :
                           '6' :   131

112  :
                           '}' :   132

113* :     1
[^\000-\b\013\c-\037!-,./:-\^`{-\237] :     3
                          '\c' :   133
                           '(' :    28
                          '\\' :    27

114  :
                           '6' :   134

115  :
                           '}' :   135

116  :
                           '}' :   136

117  :
                           '}' :   137

118* :     5
                   [\t\n\f\c ] :   101
     [^\000- "'-)\\{\177-\237] :    85
                           ')' :    89
                          '\\' :    86
                           '{' :   138

119* :     5
                   [\t\n\f\c ] :   104
      [^\000- "'-)\\\177-\237] :   119
                          '\\' :   122

120* :     5
                   [\t\n\f\c ] :   101
      [^\000- "'-)\\\177-\237] :   119
                           ')' :    89
                          '\\' :   122

121* :     5    11
                   [\t\n\f\c ] :   104
      [^\000- "'-)\\\177-\237] :   119
                          '\\' :   122

122* :     5
         [^\000\n\f\c0-9\\a-f] :   119
                      [\n\f\c] :   104
                      [0-9a-f] :   139
                          '\\' :   122

123* :     5
                   [\t\n\f\c ] :   104
     [^\000- "'-)1\\\177-\237] :   119
                           '1' :   140
                          '\\' :   122

124* :     5
                [^\000\f\c"\\] :    87
                           '"' :   106
                          '\\' :   105

125  :
                           '{' :   141

126* :     5
                [^\000\f\c'\\] :    88
                          '\'' :   106
                          '\\' :   107

127  :
                           '{' :   142

128  :
                           '}' :   143

129  :
                           '}' :   144

130  :
                           '6' :   145

131  :
                           '}' :   146

132* :     1
[^\000-\b\013\c-\037!-,./:-\^`{-\237] :     3
                          '\c' :   147
                           '(' :    28
                          '\\' :    27

133* :     1
 [^\000-\t\013-,./:-\^`{-\237] :     3
                           '(' :    28
                          '\\' :    27

134  :
                           '}' :   148

135* :     2
[^\000-\b\013\c-\037!-,./:-\^`{-\237] :    31
                          '\c' :   149
                          '\\' :    51

136* :     4
                  [^\000\c"\\] :     6
                          '\c' :   150
                           '"' :    34
                          '\\' :    33

137* :     4
                  [^\000\c'\\] :     7
                          '\c' :   151
                          '\'' :    34
                          '\\' :    35

138* :     5
                   [\t\n\f\c ] :   101
     [^\000- "'-)1\\\177-\237] :    85
                           ')' :    89
                           '1' :   152
                          '\\' :    86

139* :     5
                   [\t\n\f\c ] :   104
     [^\000- "'-)\\{\177-\237] :   119
                          '\\' :   122
                           '{' :   153

140* :     5
                   [\t\n\f\c ] :   104
     [^\000- "'-),\\\177-\237] :   119
                           ',' :   154
                          '\\' :   122

141  :
                           '1' :   155

142  :
                           '1' :   156

143* :    12
                           '-' :   157

144* :     7
[^\000-\b\013\c-\037!-,./:-\^`{-\237] :    39
                          '\c' :   158
                          '\\' :    40

145  :
                           '}' :   159

146* :    10
[^\000-\b\013\c-\037!-,./:-\^`{-\237] :    43
                          '\c' :   160
                          '\\' :    61

147* :     1
 [^\000-\t\013-,./:-\^`{-\237] :     3
                           '(' :    28
                          '\\' :    27

148* :     2
[^\000-\b\013\c-\037!-,./:-\^`{-\237] :    31
                          '\c' :   161
                          '\\' :    51

149* :     2
 [^\000-\t\013-,./:-\^`{-\237] :    31
                          '\\' :    51

150* :     4
                [^\000\f\c"\\] :     6
                           '"' :    34
                          '\\' :    33

151* :     4
                [^\000\f\c'\\] :     7
                          '\'' :    34
                          '\\' :    35

152* :     5
                   [\t\n\f\c ] :   101
     [^\000- "'-),\\\177-\237] :    85
                           ')' :    89
                           ',' :   162
                          '\\' :    86

153* :     5
                   [\t\n\f\c ] :   104
     [^\000- "'-)1\\\177-\237] :   119
                           '1' :   163
                          '\\' :   122

154* :     5
                   [\t\n\f\c ] :   104
     [^\000- "'-)6\\\177-\237] :   119
                           '6' :   164
                          '\\' :   122

155  :
                           ',' :   165

156  :
                           ',' :   166

157  :
                      [0-9a-f] :   167

158* :     7
 [^\000-\t\013-,./:-\^`{-\237] :    39
                          '\\' :    40

159* :    10
[^\000-\b\013\c-\037!-,./:-\^`{-\237] :    43
                          '\c' :   168
                          '\\' :    61

160* :    10
 [^\000-\t\013-,./:-\^`{-\237] :    43
                          '\\' :    61

161* :     2
 [^\000-\t\013-,./:-\^`{-\237] :    31
                          '\\' :    51

162* :     5
                   [\t\n\f\c ] :   101
     [^\000- "'-)6\\\177-\237] :    85
                           ')' :    89
                           '6' :   169
                          '\\' :    86

163* :     5
                   [\t\n\f\c ] :   104
     [^\000- "'-),\\\177-\237] :   119
                           ',' :   170
                          '\\' :   122

164* :     5
                   [\t\n\f\c ] :   104
     [^\000- "'-)\\}\177-\237] :   119
                          '\\' :   122
                           '}' :   171

165  :
                           '6' :   172

166  :
                           '6' :   173

167  :
                           '{' :   174

168* :    10
 [^\000-\t\013-,./:-\^`{-\237] :    43
                          '\\' :    61

169* :     5
                   [\t\n\f\c ] :   101
     [^\000- "'-)\\}\177-\237] :    85
                           ')' :    89
                          '\\' :    86
                           '}' :   175

170* :     5
                   [\t\n\f\c ] :   104
     [^\000- "'-)6\\\177-\237] :   119
                           '6' :   176
                          '\\' :   122

171* :     5
[^\000-\b\013\c-\037"'-)\\\177-\237] :    85
                          '\c' :   177
                           ')' :    89
                          '\\' :    86

172  :
                           '}' :   178

173  :
                           '}' :   179

174  :
                           '1' :   180

175* :     5
                     [\t\n\f ] :   120
                          '\c' :   181
      [^\000- "'-)\\\177-\237] :    85
                           ')' :    89
                          '\\' :    86

176* :     5
                   [\t\n\f\c ] :   104
     [^\000- "'-)\\}\177-\237] :   119
                          '\\' :   122
                           '}' :   182

177* :     5
                     [\t\f\c ] :   101
[^\000-\t\013- "'-)\\\177-\237] :    85
                           ')' :    89
                          '\\' :    86

178* :     5
                  [^\000\c"\\] :    87
                          '\c' :   183
                           '"' :   106
                          '\\' :   105

179* :     5
                  [^\000\c'\\] :    88
                          '\c' :   184
                          '\'' :   106
                          '\\' :   107

180  :
                           ',' :   185

181* :     5
                     [\t\f\c ] :   101
                          '\n' :   120
      [^\000- "'-)\\\177-\237] :   119
                           ')' :    89
                          '\\' :   122

182* :     5
[^\000-\b\013\c-\037"'-)\\\177-\237] :   119
                          '\c' :   186
                          '\\' :   122

183* :     5
                [^\000\f\c"\\] :    87
                           '"' :   106
                          '\\' :   105

184* :     5
                [^\000\f\c'\\] :    88
                          '\'' :   106
                          '\\' :   107

185  :
                           '6' :   187

186* :     5
                     [\t\f\c ] :   104
[^\000-\t\013- "'-)\\\177-\237] :   119
                          '\\' :   122

187  :
                           '}' :   188

188* :    12
