=========================================================================
Curve fit: y = a + b.x
-------------------------------------------------------------------------
Parameter   Est.value         Std.dev.        95% Confidence Interval
-------------------------------------------------------------------------
   a      -0.00571000       0.00923371      -0.03509578;       0.02367578
   b       0.01848900       0.00027841       0.01760299;       0.01937501
-------------------------------------------------------------------------
Number of observations            : n           =     5
Residual error                    : s           =     0.0088
Coefficient of correlation        : r           =     0.9997
Coefficient of determination      : r2          =     0.9993
Adjusted coeff. of determination  : r2a         =     0.9991
Variance ratio (explained/resid.) : F(  1,   3) =  4410.2909
Critical variance ratio           : F(p = 0.95) =    10.1280
-------------------------------------------------------------------------
  i        Y obs.       Y calc.      Residual      Std.dev.      Std.res.
-------------------------------------------------------------------------
  1        0.1865        0.1792        0.0073        0.0088        0.8314
  2        0.3616        0.3641       -0.0025        0.0088       -0.2806
  3        0.5370        0.5490       -0.0120        0.0088       -1.3585
  4        0.7359        0.7339        0.0021        0.0088        0.2328
  5        0.9238        0.9187        0.0051        0.0088        0.5747
=========================================================================
