=========================================================================
Curve fit: y = b0 + b1.x + b2.x^2
-------------------------------------------------------------------------
Parameter   Est.value         Std.dev.        95% Confidence Interval
-------------------------------------------------------------------------
  b0       3.94171768       0.00907986       3.92117760;       3.96225775
  b1       7.77983794       0.16535223       7.40578522;       8.15389067
  b2     -10.34495356       0.54301067     -11.57332903;      -9.11657808
-------------------------------------------------------------------------
Number of observations            : n           =    12
Residual error                    : s           =     0.0156
Coefficient of correlation        : r           =     0.9996
Coefficient of determination      : r2          =     0.9992
Adjusted coeff. of determination  : r2a         =     0.9990
Variance ratio (explained/resid.) : F(  2,   9) =  5614.4105
Critical variance ratio           : F(p = 0.95) =     4.2565
-------------------------------------------------------------------------
  i        Y obs.       Y calc.      Residual      Std.dev.      Std.res.
-------------------------------------------------------------------------
  1        3.9700        3.9417        0.0283        0.0156        1.8096
  2        4.0300        4.0456       -0.0156        0.0156       -0.9988
  3        4.1000        4.1152       -0.0152        0.0156       -0.9714
  4        4.2000        4.2028       -0.0028        0.0156       -0.1760
  5        4.2800        4.2913       -0.0113        0.0156       -0.7240
  6        4.4700        4.4670        0.0030        0.0156        0.1910
  7        4.6600        4.6541        0.0059        0.0156        0.3807
  8        4.8300        4.8154        0.0146        0.0156        0.9362
  9        4.9900        4.9797        0.0103        0.0156        0.6594
 10        5.1200        5.1325       -0.0125        0.0156       -0.8004
 11        5.2500        5.2637       -0.0137        0.0156       -0.8774
 12        5.3700        5.3611        0.0089        0.0156        0.5710
=========================================================================
