Time in milliseconds to evaluate 10000000 functions

Ln             500
Log10          703
Log2           625
Exp            703
Exp10          781
Exp2           844
Power         1672
Sin            500
Cos            531
Tan           1062
ArcSin         907
ArcCos        1171
ArcTan         672
ArcTan2        828
Sinh           922
Cosh           953
Tanh          1047
ArcSinh        656
ArcCosh        640
ArcTanh        625
Gamma         1453
DiGamma       1734
TriGamma      1547
IGamma        4031
Beta          5031
IBeta        16936
Erf           3860
Erfc          4046
Random         172
